<?xml version="1.0" encoding="UTF-8"?>
<!-- Generated by org.testng.reporters.JUnitReportReporter -->
<testsuite hostname="VITTHAL-J" failures="0" tests="3" name="com.qa.hubspot.tests.LoginPageTest" time="0.328" errors="0" timestamp="19 Jul 2023 09:47:37 GMT" skipped="0">
  <testcase classname="com.qa.hubspot.tests.LoginPageTest" name="verifyLoginPageTitleTest" time="0.021"/>
  <testcase classname="com.qa.hubspot.tests.LoginPageTest" name="verifySignUpLink" time="0.043"/>
  <testcase classname="com.qa.hubspot.tests.LoginPageTest" name="loginPage" time="0.264"/>
</testsuite> <!-- com.qa.hubspot.tests.LoginPageTest -->
